


ARM Macro Assembler    Page 1 


    1 00000000                 AREA             |.text|, CODE, READONLY
    2 00000000         
    3 00000000         new_mas_positiv_asm
                               PROC
    4 00000000                 EXPORT           new_mas_positiv_asm
    5 00000000         ; R0 = *array
    6 00000000         ; R1 = size(array)
    7 00000000         ; R2 = *new_array
    8 00000000         ; R3 = *AVG_result
    9 00000000 F04F 0400       MOV              R4, #0      ; i = 0
   10 00000004 F04F 0500       MOV              R5, #0      ; n = 0
   11 00000008         
   12 00000008 F04F 0604       MOV              R6, #4
   13 0000000C FB01 F106       MUL              R1, R6
   14 00000010         
   15 00000010         fun_new_mas_positiv
   16 00000010 428C            CMP              R4,R1
   17 00000012 DB00            BLT              fun_new_mas_positiv_label
   18 00000014 E008            B                exit_new_mas_positiv
   19 00000016         
   20 00000016         fun_new_mas_positiv_label
   21 00000016 5906            LDR              R6, [R0, R4]
   22 00000018 F104 0408       ADD              R4, #8
   23 0000001C 2E00            CMP              R6, #0
   24 0000001E DDF7            BLE              fun_new_mas_positiv
   25 00000020 5156            STR              R6, [R2, R5]
   26 00000022 F105 0504       ADD              R5, #4
   27 00000026 E7F3            B                fun_new_mas_positiv
   28 00000028         
   29 00000028         exit_new_mas_positiv
   30 00000028 4770            BX               LR
   31 0000002A                 ENDP
   32 0000002A         
   33 0000002A         finding_AVG_asm
                               PROC
   34 0000002A                 EXPORT           finding_AVG_asm
   35 0000002A         ; R0 = *array
   36 0000002A         ; R1 = size(array)
   37 0000002A         ; R2 = *new_array
   38 0000002A         ; R3 = *AVG_result
   39 0000002A         
   40 0000002A B50F            PUSH             {R0-R3, LR}
   41 0000002C F7FF FFFE       BL               new_mas_positiv_asm
   42 00000030 E8BD 400F       POP              {R0-R3, LR}
   43 00000034         
   44 00000034 F04F 0400       MOV              R4, #0      ; i = 0
   45 00000038         
   46 00000038         fun_finding_AVG
   47 00000038 42AC            CMP              R4, R5
   48 0000003A DB04            BLT              fun_finding_AVG_label
   49 0000003C FBB8 F8F5       UDIV             R8, R5
   50 00000040 4640            MOV              R0, R8
   51 00000042 6018            STR              R0, [R3]
   52 00000044 E008            B                exit_finding_AVG_asm
   53 00000046         
   54 00000046         fun_finding_AVG_label
   55 00000046 5916            LDR              R6, [R2, R4]
   56 00000048 F104 0404       ADD              R4, #4
   57 0000004C F04F 0704       MOV              R7, #4



ARM Macro Assembler    Page 2 


   58 00000050 FB06 F607       MUL              R6, R7
   59 00000054 44B0            ADD              R8, R6
   60 00000056 E7EF            B                fun_finding_AVG
   61 00000058         
   62 00000058         exit_finding_AVG_asm
   63 00000058 4770            BX               LR
   64 0000005A                 ENDP
   65 0000005A         
   66 0000005A                 END
Command Line: --debug --xref --diag_suppress=9931 --cpu=Cortex-M3 --apcs=interw
ork --depend=.\objects\main_1.d -o.\objects\main_1.o -IC:\Users\zakha\AppData\L
ocal\Arm\Packs\Keil\STM32F1xx_DFP\2.4.0\Device\Include --predefine="__EVAL SETA
 1" --predefine="__UVISION_VERSION SETA 536" --predefine="STM32F10X_MD SETA 1" 
--list=.\listings\main_1.lst main_1.s



ARM Macro Assembler    Page 1 Alphabetic symbol ordering
Relocatable symbols

.text 00000000

Symbol: .text
   Definitions
      At line 1 in file main_1.s
   Uses
      None
Comment: .text unused
exit_finding_AVG_asm 00000058

Symbol: exit_finding_AVG_asm
   Definitions
      At line 62 in file main_1.s
   Uses
      At line 52 in file main_1.s
Comment: exit_finding_AVG_asm used once
exit_new_mas_positiv 00000028

Symbol: exit_new_mas_positiv
   Definitions
      At line 29 in file main_1.s
   Uses
      At line 18 in file main_1.s
Comment: exit_new_mas_positiv used once
finding_AVG_asm 0000002A

Symbol: finding_AVG_asm
   Definitions
      At line 33 in file main_1.s
   Uses
      At line 34 in file main_1.s
Comment: finding_AVG_asm used once
fun_finding_AVG 00000038

Symbol: fun_finding_AVG
   Definitions
      At line 46 in file main_1.s
   Uses
      At line 60 in file main_1.s
Comment: fun_finding_AVG used once
fun_finding_AVG_label 00000046

Symbol: fun_finding_AVG_label
   Definitions
      At line 54 in file main_1.s
   Uses
      At line 48 in file main_1.s
Comment: fun_finding_AVG_label used once
fun_new_mas_positiv 00000010

Symbol: fun_new_mas_positiv
   Definitions
      At line 15 in file main_1.s
   Uses
      At line 24 in file main_1.s
      At line 27 in file main_1.s

fun_new_mas_positiv_label 00000016




ARM Macro Assembler    Page 2 Alphabetic symbol ordering
Relocatable symbols

Symbol: fun_new_mas_positiv_label
   Definitions
      At line 20 in file main_1.s
   Uses
      At line 17 in file main_1.s
Comment: fun_new_mas_positiv_label used once
new_mas_positiv_asm 00000000

Symbol: new_mas_positiv_asm
   Definitions
      At line 3 in file main_1.s
   Uses
      At line 4 in file main_1.s
      At line 41 in file main_1.s

9 symbols
342 symbols in table
